<?xml version="1.0" encoding="UTF-8"?>
<!-- Generated by org.testng.reporters.JUnitReportReporter -->
<testsuite hostname="krishna-Inspiron-3543" name="com.mPulse.testCases.MOandARs" tests="10" failures="0" timestamp="18 Jun 2019 06:41:14 GMT" time="590.080" errors="0">
  <testcase name="verify_that_user_get_Opt_in_message_by_sending_spanish_keyword_SI" time="28.831" classname="com.mPulse.testCases.MOandARs"/>
  <testcase name="verify_that_user_receive_MT_on_profile_update_by_OM_if_have_profile_trigger" time="156.662" classname="com.mPulse.testCases.MOandARs"/>
  <testcase name="verify_that_user_send_yes_user_gets_subscribed_and_receive_welcome_AR" time="28.137" classname="com.mPulse.testCases.MOandARs"/>
  <testcase name="verify_that_user_get_Opt_out_message_by_sending_spanish_keyword_ALTO_from_which_he_or_she_recieved_last_mt" time="37.548" classname="com.mPulse.testCases.MOandARs"/>
  <testcase name="verify_that_user_send_list_keyword_and_user_receive_confirmed_opt_in_AR" time="28.633" classname="com.mPulse.testCases.MOandARs"/>
  <testcase name="verify_that_user_send_help_MO_and_user_receive_shortcode_help_AR" time="11.986" classname="com.mPulse.testCases.MOandARs"/>
  <testcase name="verify_that_user_send_help_MO_after_subscription_in_list_and_user_receive_list_help_AR" time="25.760" classname="com.mPulse.testCases.MOandARs"/>
  <testcase name="verify_that_user_recieved_stopall_AR_and_gets_unsubscribed_from_all_lists_and_added_to_GPRL" time="48.803" classname="com.mPulse.testCases.MOandARs"/>
  <testcase name="verify_that_user_gets_spanish_MO_on_sending_spanish_Help_MO_keyword_AYUDA" time="34.218" classname="com.mPulse.testCases.MOandARs"/>
  <testcase name="verify_that_user_recieved_stop_AR_of_list_and_gets_unsubscribed_from_that_list_from_which_he_or_she_recieved_last_mt" time="189.502" classname="com.mPulse.testCases.MOandARs"/>
</testsuite> <!-- com.mPulse.testCases.MOandARs -->
