<?xml version="1.0" encoding="UTF-8"?>
<!-- Generated by org.testng.reporters.JUnitReportReporter -->
<testsuite hostname="krishna-Inspiron-3543" name="com.mPulse.testCases.AudienceSubAPITest" tests="5" failures="0" timestamp="7 Nov 2019 09:51:59 GMT" time="57.544" errors="0">
  <testcase name="Verify_that_member_must_get_welcome_message_for_email_channel_if_using_Send_Welcome_Message_true_and_X_Ms_Audience_Update_header_with_value_sub" time="10.041" classname="com.mPulse.testCases.AudienceSubAPITest"/>
  <testcase name="Verify_that_X_Ms_Force_Subscribe_Member_header_should_not_force_subscribe_alredy_unsubscribed_member_in_list" time="13.309" classname="com.mPulse.testCases.AudienceSubAPITest"/>
  <testcase name="Verify_that_member_must_get_in_pending_status_for_email_channel_if_using_X_Ms_List_Confirm_true_and_X_Ms_Audience_Update_header_with_value_sub" time="13.203" classname="com.mPulse.testCases.AudienceSubAPITest"/>
  <testcase name="Verify_that_member_must_get_welcome_message_for_sms_channel_if_using_Send_Welcome_Message_true_and_X_Ms_Audience_Update_header_with_value_sub" time="10.026" classname="com.mPulse.testCases.AudienceSubAPITest"/>
  <testcase name="Verify_that_member_must_get_in_pending_status_for_sms_channel_if_using_X_Ms_List_Confirm_true_and_X_Ms_Audience_Update_header_with_value_sub" time="10.965" classname="com.mPulse.testCases.AudienceSubAPITest"/>
</testsuite> <!-- com.mPulse.testCases.AudienceSubAPITest -->
