<?xml version="1.0" encoding="UTF-8"?>
<!-- Generated by org.testng.reporters.JUnitReportReporter -->
<testsuite hostname="krishna-Inspiron-3543" name="com.mPulse.testCases.DeleteMemberAPITest" tests="24" failures="0" timestamp="4 Nov 2019 18:16:46 GMT" time="315.929" errors="0">
  <testcase name="Verify_Delete_If_One_Of_Two_Member_Not_Exists" time="8.503" classname="com.mPulse.testCases.DeleteMemberAPITest"/>
  <testcase name="Verify_Two_Members_Can_Be_Deleted_By_Email" time="15.223" classname="com.mPulse.testCases.DeleteMemberAPITest"/>
  <testcase name="Verify_Member_Can_Be_Deleted_By_Member_Id" time="8.587" classname="com.mPulse.testCases.DeleteMemberAPITest"/>
  <testcase name="Verify_Two_Members_Can_Be_Deleted_By_Member_ID_and_Client_Member_Id" time="13.170" classname="com.mPulse.testCases.DeleteMemberAPITest"/>
  <testcase name="Verify_Two_Members_Can_Be_Deleted_By_Mobile_Phone_And_App_Member_Id" time="15.484" classname="com.mPulse.testCases.DeleteMemberAPITest"/>
  <testcase name="Verify_Two_Members_Can_Be_Deleted_By_Mobile_Phone_And_Client_Member_Id" time="16.469" classname="com.mPulse.testCases.DeleteMemberAPITest"/>
  <testcase name="Verify_Two_Members_Can_Be_Deleted_By_Mobile_Phone_And_Email" time="13.110" classname="com.mPulse.testCases.DeleteMemberAPITest"/>
  <testcase name="Verify_Member_Can_Be_Deleted_By_App_Member_Id" time="9.891" classname="com.mPulse.testCases.DeleteMemberAPITest"/>
  <testcase name="Verify_Two_Members_Can_Be_Deleted_By_App_Member_ID" time="14.531" classname="com.mPulse.testCases.DeleteMemberAPITest"/>
  <testcase name="Verify_Two_Members_Can_Be_Deleted_By_Member_Id" time="13.461" classname="com.mPulse.testCases.DeleteMemberAPITest"/>
  <testcase name="Verify_Member_Can_Be_Deleted_By_Phone_Number" time="10.164" classname="com.mPulse.testCases.DeleteMemberAPITest"/>
  <testcase name="Verify_Two_Members_Can_Be_Deleted_By_Member_ID_and_Phone_Number" time="12.923" classname="com.mPulse.testCases.DeleteMemberAPITest"/>
  <testcase name="Verify_Member_Can_Be_Deleted_By_Email" time="12.180" classname="com.mPulse.testCases.DeleteMemberAPITest"/>
  <testcase name="VerifyDeletedMemberInfoInAudienceMemberDeletedDB" time="13.565" classname="com.mPulse.testCases.DeleteMemberAPITest"/>
  <testcase name="Verify_Delete_Not_Existing_Two_Members" time="12.771" classname="com.mPulse.testCases.DeleteMemberAPITest"/>
  <testcase name="Verify_Two_Members_Can_Be_Deleted_By_Email_And_Client_Member_Id" time="12.906" classname="com.mPulse.testCases.DeleteMemberAPITest"/>
  <testcase name="Verify_Two_Members_Can_Be_Deleted_By_Member_ID_and_App_Member_Id" time="13.104" classname="com.mPulse.testCases.DeleteMemberAPITest"/>
  <testcase name="Verify_Two_Members_Can_Be_Deleted_By_Phone_Number" time="18.245" classname="com.mPulse.testCases.DeleteMemberAPITest"/>
  <testcase name="Verify_Delete_Not_Existing_Member" time="10.116" classname="com.mPulse.testCases.DeleteMemberAPITest"/>
  <testcase name="Verify_Two_Members_Can_Be_Deleted_By_Client_Member_ID" time="16.989" classname="com.mPulse.testCases.DeleteMemberAPITest"/>
  <testcase name="Verify_Two_Members_Can_Be_Deleted_By_Email_And_App_Member_Id" time="14.921" classname="com.mPulse.testCases.DeleteMemberAPITest"/>
  <testcase name="Verify_Member_Can_Be_Deleted_By_Client_Member_Id" time="11.428" classname="com.mPulse.testCases.DeleteMemberAPITest"/>
  <testcase name="Verify_Two_Members_Can_Be_Deleted_By_Client_Member_ID_And_App_Member_Id" time="15.091" classname="com.mPulse.testCases.DeleteMemberAPITest"/>
  <testcase name="Verify_Two_Members_Can_Be_Deleted_By_Member_ID_and_Email" time="13.097" classname="com.mPulse.testCases.DeleteMemberAPITest"/>
</testsuite> <!-- com.mPulse.testCases.DeleteMemberAPITest -->
