<?xml version="1.0" encoding="UTF-8"?>
<!-- Generated by org.testng.reporters.JUnitReportReporter -->
<testsuite hostname="krishna-Inspiron-3543" name="com.mPulse.testCases.SMSLinkTracking" tests="2" failures="0" timestamp="24 Jun 2019 11:38:03 GMT" time="872.837" errors="0">
  <testcase name="Verify_subscription_preferences_deeplink_feature_for_Email" time="382.977" classname="com.mPulse.testCases.SMSLinkTracking"/>
  <testcase name="Verify_secure_message_deeplink_feature_for_Email" time="489.860" classname="com.mPulse.testCases.SMSLinkTracking"/>
</testsuite> <!-- com.mPulse.testCases.SMSLinkTracking -->
