<?xml version="1.0" encoding="UTF-8"?>
<!-- Generated by org.testng.reporters.JUnitReportReporter -->
<testsuite hostname="krishna-Inspiron-3543" name="com.mPulse.testCases.Test" tests="2" failures="0" timestamp="8 Aug 2019 09:41:48 GMT" time="0.024" errors="0">
  <testcase name="numtesttwo2" time="0.007" classname="com.mPulse.testCases.Test"/>
  <testcase name="numtesttwo" time="0.017" classname="com.mPulse.testCases.Test"/>
</testsuite> <!-- com.mPulse.testCases.Test -->
