<?xml version="1.0" encoding="UTF-8"?>
<!-- Generated by org.testng.reporters.JUnitReportReporter -->
<testsuite hostname="krishna-Inspiron-3543" name="com.mPulse.testCases.UnitTest" tests="1" failures="0" timestamp="14 Aug 2019 12:46:16 GMT" time="11.172" errors="0">
  <testcase name="numtestthree2" time="11.172" classname="com.mPulse.testCases.UnitTest"/>
</testsuite> <!-- com.mPulse.testCases.UnitTest -->
