<?xml version="1.0" encoding="UTF-8"?>
<!-- Generated by org.testng.reporters.JUnitReportReporter -->
<testsuite skipped="0" hostname="krishna-Inspiron-3543" name="com.mPulse.testCases.SMSLinkTrackingTest" tests="1" failures="0" timestamp="12 Nov 2019 11:02:32 GMT" time="750.331" errors="0">
  <testcase name="Verify_redirectional_URL_end_to_end" time="750.331" classname="com.mPulse.testCases.SMSLinkTrackingTest"/>
</testsuite> <!-- com.mPulse.testCases.SMSLinkTrackingTest -->
