<?xml version="1.0" encoding="UTF-8"?>
<!-- Generated by org.testng.reporters.JUnitReportReporter -->
<testsuite hostname="krishna-Inspiron-3543" name="com.mPulse.testCases.AudienceUpdateAPITest" tests="14" failures="0" timestamp="4 Nov 2019 18:16:46 GMT" time="109.817" errors="0">
  <testcase name="Verify_that_member_is_unsubscribed_from_email_channel_when_email_is_nulled_using_X_Ms_Update_header_with_value_update" time="19.732" classname="com.mPulse.testCases.AudienceUpdateAPITest"/>
  <testcase name="Verify_that_all_the_fields_of_member_including_identifiers_are_updated_when_using_X_Ms_Update_header_with_value_update" time="7.483" classname="com.mPulse.testCases.AudienceUpdateAPITest"/>
  <testcase name="Verify_that_custom_fields_of_a_member_could_be_updated_using_X_Ms_Update_header_with_value_update" time="7.229" classname="com.mPulse.testCases.AudienceUpdateAPITest"/>
  <testcase name="Verify_that_using_all_identifiers_in_a_single_request_and_if_one_or_more_identifiers_are_invalid_and_then_request_marked_as_failed_and_response_code_is_400" time="4.804" classname="com.mPulse.testCases.AudienceUpdateAPITest"/>
  <testcase name="Verify_API_request_should_only_accessible_through_valid_basic_authorization_for_not_valid_authorization_response_code_should_be_403" time="2.458" classname="com.mPulse.testCases.AudienceUpdateAPITest"/>
  <testcase name="Verify_that_encrypted_custom_fields_of_a_member_could_be_updated_using_X_Ms_Update_header_with_value_update" time="4.504" classname="com.mPulse.testCases.AudienceUpdateAPITest"/>
  <testcase name="Verify_that_fields_not_included_in_the_request_should_not_update_to_null_when_using_X_Ms_Update_included_fields_only_header" time="10.629" classname="com.mPulse.testCases.AudienceUpdateAPITest"/>
  <testcase name="Verify_that_for_invalid_mobilephone_in_request_body_and_response_code_should_be_400_and_and_error_message_Invalid_parameter_value_when_using_X_Ms_Update_header_with_value_update" time="4.061" classname="com.mPulse.testCases.AudienceUpdateAPITest"/>
  <testcase name="Verify_that_member_is_unsubscribed_from_sms_channel_when_mobilephone_is_nulled_using_X_Ms_Update_header_with_value_update" time="20.235" classname="com.mPulse.testCases.AudienceUpdateAPITest"/>
  <testcase name="Verify_that_both_standard_and_custom_fields_of_a_member_could_be_updated_in_a_single_request_using_X_Ms_Update_header_with_value_update" time="4.426" classname="com.mPulse.testCases.AudienceUpdateAPITest"/>
  <testcase name="Verify_that_standard_fields_of_a_member_could_be_updated_using_X_Ms_Update_header_with_value_update" time="7.347" classname="com.mPulse.testCases.AudienceUpdateAPITest"/>
  <testcase name="Verify_that_for_invalid_email_id_in_request_body_and_response_code_should_be_400_and_and_error_message_Invalid_parameter_value_when_using_X_Ms_Update_header_with_value_update" time="3.728" classname="com.mPulse.testCases.AudienceUpdateAPITest"/>
  <testcase name="Verify_API_request_fails_if_no_auth_credentials_are_given" time="2.624" classname="com.mPulse.testCases.AudienceUpdateAPITest"/>
  <testcase name="Verify_that_fields_not_included_in_the_request_are_updated_to_null_when_using_X_Ms_Update_header_with_value_update" time="10.557" classname="com.mPulse.testCases.AudienceUpdateAPITest"/>
</testsuite> <!-- com.mPulse.testCases.AudienceUpdateAPITest -->
