<?xml version="1.0" encoding="UTF-8"?>
<!-- Generated by org.testng.reporters.JUnitReportReporter -->
<testsuite hostname="krishna-Inspiron-3543" name="com.mPulse.testCases.MembersCSVUpload" tests="18" failures="0" timestamp="18 Jun 2019 06:41:14 GMT" time="1805.578" errors="0">
  <testcase name="verify_that_the_new_valid_email_merge_with_existing_phone_number_member" time="137.335" classname="com.mPulse.testCases.MembersCSVUpload"/>
  <testcase name="verify_that_welcome_message_is_received_for_SMS_on_joining_the_list_from_CSV_import_after_confirm_Opt_in" time="83.872" classname="com.mPulse.testCases.MembersCSVUpload"/>
  <testcase name="verify_that_User_Can_Mapp_All_Fields_using_with_pipe_delimiter_CSV" time="64.239" classname="com.mPulse.testCases.MembersCSVUpload"/>
  <testcase name="verify_that_welcome_message_is_received_for_EMAIL_on_joining_the_list_from_CSV_import_using_pipe_delimiter_CSV" time="81.173" classname="com.mPulse.testCases.MembersCSVUpload"/>
  <testcase name="verify_that_welcome_message_is_received_for_SMS_on_joining_the_list_from_CSV_import_using_pipe_delimiter_CSV" time="84.397" classname="com.mPulse.testCases.MembersCSVUpload"/>
  <testcase name="verify_that_confirm_opt_in_message_is_received_on_CSV_import_for_Email_using_pipe_delimiter_CSV" time="88.684" classname="com.mPulse.testCases.MembersCSVUpload"/>
  <testcase name="verify_that_welcome_message_with_footer_message_is_received_for_EMAIL_on_joining_the_list_from_CSV_import_after_confirm_Opt_in" time="126.636" classname="com.mPulse.testCases.MembersCSVUpload"/>
  <testcase name="verify_that_Unsubscribe_Link_in_Email_is_working" time="167.278" classname="com.mPulse.testCases.MembersCSVUpload"/>
  <testcase name="verify_that_confirm_opt_in_message_is_received_on_CSV_import_for_SMS_using_pipe_delimiter_CSV" time="74.245" classname="com.mPulse.testCases.MembersCSVUpload"/>
  <testcase name="verify_that_welcome_message_with_footer_message_is_received_for_EMAIL_on_joining_the_list_from_CSV_import_after_confirm_Opt_in_using_pipe_delimiter_CSV" time="111.156" classname="com.mPulse.testCases.MembersCSVUpload"/>
  <testcase name="verify_that_welcome_message_is_received_for_SMS_on_joining_the_list_from_CSV_import_after_confirm_Opt_in_using_pipe_delimiter_CSV" time="89.929" classname="com.mPulse.testCases.MembersCSVUpload"/>
  <testcase name="verify_that_the_new_valid_phone_number_merge_with_existing_email_member" time="162.214" classname="com.mPulse.testCases.MembersCSVUpload"/>
  <testcase name="verify_that_welcome_message_is_received_for_SMS_on_joining_the_list_from_CSV_import" time="83.641" classname="com.mPulse.testCases.MembersCSVUpload"/>
  <testcase name="verify_that_User_Can_Mapp_All_Fields_using_comma_delimited_CSV" time="70.133" classname="com.mPulse.testCases.MembersCSVUpload"/>
  <testcase name="verify_that_confirm_opt_in_message_is_received_on_CSV_import_for_Email" time="73.350" classname="com.mPulse.testCases.MembersCSVUpload"/>
  <testcase name="verify_that_welcome_message_is_received_for_EMAIL_on_joining_the_list_from_CSV_import" time="84.209" classname="com.mPulse.testCases.MembersCSVUpload"/>
  <testcase name="verify_that_the_new_valid_phone_number_merge_with_existing_appmail_member" time="149.152" classname="com.mPulse.testCases.MembersCSVUpload"/>
  <testcase name="verify_that_confirm_opt_in_message_is_received_on_CSV_import_for_SMS" time="73.935" classname="com.mPulse.testCases.MembersCSVUpload"/>
</testsuite> <!-- com.mPulse.testCases.MembersCSVUpload -->
