<?xml version="1.0" encoding="UTF-8"?>
<!-- Generated by org.testng.reporters.JUnitReportReporter -->
<testsuite hostname="krishna-Inspiron-3543" name="com.mPulse.testCases.EventUploadAPI_V2Test" tests="21" failures="0" timestamp="4 Nov 2019 18:16:46 GMT" time="4396.790" errors="0">
  <testcase name="Verify_that_user_can_edit_existing_event_can_add_attributes_or_change_default_value" time="35.059" classname="com.mPulse.testCases.EventUploadAPI_V2Test"/>
  <testcase name="Verify_that_user_can_not_delete_event_if_used_in_any_active_campaign" time="312.005" classname="com.mPulse.testCases.EventUploadAPI_V2Test"/>
  <testcase name="Verify_that_user_get_External_MO_callback_in_xml_when_user_reply_on_event_message" time="314.170" classname="com.mPulse.testCases.EventUploadAPI_V2Test"/>
  <testcase name="Verify_that_user_can_create_new_event_without_attributes" time="43.789" classname="com.mPulse.testCases.EventUploadAPI_V2Test"/>
  <testcase name="Verify_that_Custom_event_trigger_should_fire_for_evaluation_scope_with_rule" time="285.007" classname="com.mPulse.testCases.EventUploadAPI_V2Test"/>
  <testcase name="Verify_that_Custom_event_trigger_should_work_for_dynamic_event_attribute" time="326.716" classname="com.mPulse.testCases.EventUploadAPI_V2Test"/>
  <testcase name="Verify_that_if_custom_event_trigger_is_used_for_sms_message_and_fire_event_using_member_email_where_member_subscribe_in_sms_channel_message_should_fire_for_member" time="293.205" classname="com.mPulse.testCases.EventUploadAPI_V2Test"/>
  <testcase name="Verify_that_user_can_create_new_event_with_attributes_having_default_values" time="41.700" classname="com.mPulse.testCases.EventUploadAPI_V2Test"/>
  <testcase name="Verify_that_subscribed_member_get_message_for_valid_event_fired_from_event_upload_api_v2" time="299.500" classname="com.mPulse.testCases.EventUploadAPI_V2Test"/>
  <testcase name="Verify_that_user_can_select_event_callback_in_JSON" time="29.510" classname="com.mPulse.testCases.EventUploadAPI_V2Test"/>
  <testcase name="Verify_that_user_can_select_event_attribute_and_give_value_while_setting_custom_event_for_member_engagement_trigger_in_a_campaign" time="240.641" classname="com.mPulse.testCases.EventUploadAPI_V2Test"/>
  <testcase name="Verify_that_Custom_event_trigger_should_fire_for_evaluation_scope_all" time="312.164" classname="com.mPulse.testCases.EventUploadAPI_V2Test"/>
  <testcase name="Verify_that_Custom_event_trigger_should_not_fire_when_attribute_value_not_same_as_in_event_trigger_using_evaluation_scope_with_rule" time="300.771" classname="com.mPulse.testCases.EventUploadAPI_V2Test"/>
  <testcase name="Verify_that_pending_or_unsubscribe_member_does_not_get_message_for_valid_event_fired_from_event_upload_api_v2" time="288.917" classname="com.mPulse.testCases.EventUploadAPI_V2Test"/>
  <testcase name="Verify_that_user_can_select_event_callback_in_XML" time="33.133" classname="com.mPulse.testCases.EventUploadAPI_V2Test"/>
  <testcase name="Verify_that_user_can_create_new_event_with_attribute_having_dynamic_value" time="41.211" classname="com.mPulse.testCases.EventUploadAPI_V2Test"/>
  <testcase name="Verify_that_user_can_update_event_callback_from_JSON_to_XML_or_XML_to_JSON" time="61.007" classname="com.mPulse.testCases.EventUploadAPI_V2Test"/>
  <testcase name="Verify_that_event_upload_API_working_for_xml" time="303.999" classname="com.mPulse.testCases.EventUploadAPI_V2Test"/>
  <testcase name="Verify_that_user_get_External_MO_callback_in_json_when_user_reply_on_event_message" time="303.241" classname="com.mPulse.testCases.EventUploadAPI_V2Test"/>
  <testcase name="Verify_that_Custom_event_trigger_should_not_fire_if_required_attribute_is_missing" time="278.525" classname="com.mPulse.testCases.EventUploadAPI_V2Test"/>
  <testcase name="Verify_that_user_can_use_newly_created_event_in_setting_custom_event_for_member_engagement_trigger_in_a_campaign" time="252.520" classname="com.mPulse.testCases.EventUploadAPI_V2Test"/>
</testsuite> <!-- com.mPulse.testCases.EventUploadAPI_V2Test -->
