<?xml version="1.0" encoding="UTF-8"?>
<!-- Generated by org.testng.reporters.JUnitReportReporter -->
<testsuite hostname="krishna-Inspiron-3543" name="com.mPulse.testCases.EnglishAndSpanishMT" tests="1" failures="0" timestamp="25 Jun 2019 12:42:23 GMT" time="16.445" errors="0">
  <testcase name="Ensure_Message_API_is_working_with_dynamic_tag_for_english_content" time="16.445" classname="com.mPulse.testCases.EnglishAndSpanishMT"/>
</testsuite> <!-- com.mPulse.testCases.EnglishAndSpanishMT -->
