<?xml version="1.0" encoding="UTF-8"?>
<!-- Generated by org.testng.reporters.JUnitReportReporter -->
<testsuite skipped="0" hostname="krishna-Inspiron-3543" name="com.mPulse.testCases.AudienceUnSubAPITest" tests="1" failures="0" timestamp="19 Nov 2019 08:10:13 GMT" time="15.763" errors="0">
  <testcase name="Verify_that_user_can_not_unsubscribe_existing_pending_member_in_sms_and_email_channel_using_X_Ms_Audience_Update_header_with_value_unsub" time="15.763" classname="com.mPulse.testCases.AudienceUnSubAPITest"/>
</testsuite> <!-- com.mPulse.testCases.AudienceUnSubAPITest -->
