<?xml version="1.0" encoding="UTF-8"?>
<!-- Generated by org.testng.reporters.JUnitReportReporter -->
<testsuite skipped="0" hostname="krishna-Inspiron-3543" name="com.mPulse.testCases.GridDemo" tests="1" failures="0" timestamp="09 Jan 2019 09:58:07 GMT" time="15.826" errors="0">
  <testcase name="sampleTest" time="15.826" classname="com.mPulse.testCases.GridDemo"/>
</testsuite> <!-- com.mPulse.testCases.GridDemo -->
