<?xml version="1.0" encoding="UTF-8"?>
<!-- Generated by org.testng.reporters.JUnitReportReporter -->
<testsuite hostname="krishna-Inspiron-3543" name="com.mPulse.testCases.MultiSegmentProfileDateTriggerTest" tests="1" failures="0" timestamp="5 Nov 2019 10:51:21 GMT" time="467.643" errors="0">
  <testcase name="Verify_that_message_must_fire_when_user_add_member_to_the_composite_segment_and_fire_date_trigger" time="467.643" classname="com.mPulse.testCases.MultiSegmentProfileDateTriggerTest"/>
</testsuite> <!-- com.mPulse.testCases.MultiSegmentProfileDateTriggerTest -->
