<?xml version="1.0" encoding="UTF-8"?>
<!-- Generated by org.testng.reporters.JUnitReportReporter -->
<testsuite hostname="krishna-Inspiron-3543" name="com.mPulse.testCases.EnglishAndSpanishMTTest" tests="6" failures="0" timestamp="4 Nov 2019 18:16:46 GMT" time="367.132" errors="0">
  <testcase name="Ensure_Direct_message_API_is_working" time="13.086" classname="com.mPulse.testCases.EnglishAndSpanishMTTest"/>
  <testcase name="Ensure_Message_API_is_working_with_english_content" time="9.304" classname="com.mPulse.testCases.EnglishAndSpanishMTTest"/>
  <testcase name="Verify_sending_MO_with_160_and_more_characters_from_mo_hit_api" time="12.488" classname="com.mPulse.testCases.EnglishAndSpanishMTTest"/>
  <testcase name="Ensure_Message_API_with_spanish_content_is_working" time="9.553" classname="com.mPulse.testCases.EnglishAndSpanishMTTest"/>
  <testcase name="Ensure_Message_API_is_working_with_dynamic_tag_for_english_content" time="9.520" classname="com.mPulse.testCases.EnglishAndSpanishMTTest"/>
  <testcase name="Ensure_user_is_receiving_MT_with_spanish_characters" time="313.181" classname="com.mPulse.testCases.EnglishAndSpanishMTTest"/>
</testsuite> <!-- com.mPulse.testCases.EnglishAndSpanishMTTest -->
