<?xml version="1.0" encoding="UTF-8"?>
<!-- Generated by org.testng.reporters.JUnitReportReporter -->
<testsuite hostname="krishna-Inspiron-3543" name="com.mPulse.testCases.AudiencePostAPITest" tests="32" failures="2" timestamp="4 Nov 2019 18:16:46 GMT" time="265.440" errors="0">
  <testcase name="Verify_API_request_fails_if_no_auth_credentials_are_given" time="3.252" classname="com.mPulse.testCases.AudiencePostAPITest"/>
  <testcase name="Verify_error_response_when_user_try_to_add_member_with_email_and_list_not_support_email_channel" time="2.146" classname="com.mPulse.testCases.AudiencePostAPITest"/>
  <testcase name="Verify_that_member_should_be_added_in_email_pending_state_in_the_respective_list_and_get_confirm_opt_in_message_when_using_X_Ms_List_Confirm_header" time="12.660" classname="com.mPulse.testCases.AudiencePostAPITest"/>
  <testcase name="Verify_that_user_can_not_resubscribe_existing_member_in_a_list_by_using_Ignore_Error_For_Existing_Members_header" time="21.414" classname="com.mPulse.testCases.AudiencePostAPITest"/>
  <testcase name="Verify_that_when_using_all_identifiers_in_a_single_request_if_one_or_more_identifiers_are_invalid_then_request_marked_as_failed_and_the_response_code_should_be_400" time="2.274" classname="com.mPulse.testCases.AudiencePostAPITest"/>
  <testcase name="Verify_that_member_should_be_added_and_subscribed_in_sms_channel_in_the_respective_list_and_get_welcome_message_when_using_Send_Welcome_Message_header_in_the_respective_list" time="14.680" classname="com.mPulse.testCases.AudiencePostAPITest"/>
  <testcase name="verify_that_member_should_create_by_giving_all_valid_identifiers_at_once" time="5.554" classname="com.mPulse.testCases.AudiencePostAPITest"/>
  <testcase name="Verify_that_for_invalid_email_id_in_the_request_body_the_response_code_should_be_400_and_error_message_Invalid_parameter_value" time="2.123" classname="com.mPulse.testCases.AudiencePostAPITest"/>
  <testcase name="Verify_that_user_cannot_update_existing_member_identifier_using_Ignore_Error_For_Existing_Members_header" time="8.123" classname="com.mPulse.testCases.AudiencePostAPITest"/>
  <testcase name="Verify_that_user_should_create_member_by_only_giving_valid_email_in_the_request" time="11.742" classname="com.mPulse.testCases.AudiencePostAPITest"/>
  <testcase name="Verify_that_user_can_update_existing_member_subscription_using_Ignore_Error_For_Existing_Members_and_X_Ms_Force_Subscribe_Member_header_at_a_time_in_same_request" time="7.303" classname="com.mPulse.testCases.AudiencePostAPITest"/>
  <testcase name="verify_that_member_can_be_created_with_all_7_types_of_encrypted_custom_fields" time="3.966" classname="com.mPulse.testCases.AudiencePostAPITest">
    <failure type="java.lang.AssertionError" message="expected [200] but found [500]">
      <![CDATA[java.lang.AssertionError: expected [200] but found [500]
	at org.testng.Assert.fail(Assert.java:94)
	at org.testng.Assert.failNotEquals(Assert.java:513)
	at org.testng.Assert.assertEqualsImpl(Assert.java:135)
	at org.testng.Assert.assertEquals(Assert.java:116)
	at org.testng.Assert.assertEquals(Assert.java:389)
	at org.testng.Assert.assertEquals(Assert.java:399)
	at com.mPulse.utility.AudienceApi.deleteMemberById(AudienceApi.java:104)
	at com.mPulse.testCases.AudiencePostAPITest.verify_that_member_can_be_created_with_all_7_types_of_encrypted_custom_fields(AudiencePostAPITest.java:711)
	at sun.reflect.NativeMethodAccessorImpl.invoke0(Native Method)
	at sun.reflect.NativeMethodAccessorImpl.invoke(NativeMethodAccessorImpl.java:62)
	at sun.reflect.DelegatingMethodAccessorImpl.invoke(DelegatingMethodAccessorImpl.java:43)
	at java.lang.reflect.Method.invoke(Method.java:498)
	at org.testng.internal.MethodInvocationHelper.invokeMethod(MethodInvocationHelper.java:86)
	at org.testng.internal.Invoker.invokeMethod(Invoker.java:643)
	at org.testng.internal.Invoker.invokeTestMethod(Invoker.java:820)
	at org.testng.internal.Invoker.invokeTestMethods(Invoker.java:1128)
	at org.testng.internal.TestMethodWorker.invokeTestMethods(TestMethodWorker.java:129)
	at org.testng.internal.TestMethodWorker.run(TestMethodWorker.java:112)
	at org.testng.TestRunner.privateRun(TestRunner.java:782)
	at org.testng.TestRunner.run(TestRunner.java:632)
	at org.testng.SuiteRunner.runTest(SuiteRunner.java:366)
	at org.testng.SuiteRunner.access$000(SuiteRunner.java:39)
	at org.testng.SuiteRunner$SuiteWorker.run(SuiteRunner.java:400)
	at org.testng.internal.thread.ThreadUtil$2.call(ThreadUtil.java:64)
	at java.util.concurrent.FutureTask.run(FutureTask.java:266)
	at java.util.concurrent.ThreadPoolExecutor.runWorker(ThreadPoolExecutor.java:1149)
	at java.util.concurrent.ThreadPoolExecutor$Worker.run(ThreadPoolExecutor.java:624)
	at java.lang.Thread.run(Thread.java:748)
]]>
    </failure>
  </testcase> <!-- verify_that_member_can_be_created_with_all_7_types_of_encrypted_custom_fields -->
  <testcase name="Verify_API_request_should_only_accessible_through_valid_basic_authorization_for_not_valid_authorization_response_code_should_be_403" time="1.810" classname="com.mPulse.testCases.AudiencePostAPITest"/>
  <testcase name="verify_that_member_can_be_created_with_all_standard_field" time="9.615" classname="com.mPulse.testCases.AudiencePostAPITest"/>
  <testcase name="Verify_error_response_when_user_try_to_subscribe_member_in_sms_channel_with_phone_number_and_list_not_support_sms_channel" time="2.446" classname="com.mPulse.testCases.AudiencePostAPITest"/>
  <testcase name="Verify_audience_API_data_writes_on_api_request_log_table" time="27.246" classname="com.mPulse.testCases.AudiencePostAPITest"/>
  <testcase name="verify_that_member_can_be_created_with_standard_and_custom_field" time="8.568" classname="com.mPulse.testCases.AudiencePostAPITest"/>
  <testcase name="Verify_that_user_can_only_update_identifiers_but_not_any_profile_field_when_using_Ignore_Error_For_Existing_Members_header" time="10.313" classname="com.mPulse.testCases.AudiencePostAPITest"/>
  <testcase name="Verify_that_member_should_not_create_without_giving_any_identifier" time="2.031" classname="com.mPulse.testCases.AudiencePostAPITest"/>
  <testcase name="verify_that_member_can_be_created_with_all_types_of_custom_field" time="5.291" classname="com.mPulse.testCases.AudiencePostAPITest"/>
  <testcase name="Verify_that_user_can_subscribe_existing_member_in_a_list_by_using_Ignore_Error_For_Existing_Members_header" time="6.646" classname="com.mPulse.testCases.AudiencePostAPITest"/>
  <testcase name="Verify_uniqueness_on_identifiers_and_fail_if_not_unique_response_code_should_be_400" time="7.105" classname="com.mPulse.testCases.AudiencePostAPITest"/>
  <testcase name="Verify_that_member_should_get_subscribed_in_the_respective_list_when_using_Force_Subscribe_Member_header_irrespective_of_there_current_subscription_status" time="16.951" classname="com.mPulse.testCases.AudiencePostAPITest"/>
  <testcase name="Verify_that_member_should_be_added_in_sms_pending_state_in_the_respective_list_and_get_confirm_opt_in_message_when_using_X_Ms_List_Confirm_header" time="14.384" classname="com.mPulse.testCases.AudiencePostAPITest"/>
  <testcase name="Verify_that_the_user_can_give_mapid_in_the_API_request" time="8.530" classname="com.mPulse.testCases.AudiencePostAPITest"/>
  <testcase name="Verify_that_user_should_create_new_member_by_giving_client_member_id_with_app_member_id_in_a_request" time="5.673" classname="com.mPulse.testCases.AudiencePostAPITest"/>
  <testcase name="Verify_that_user_should_create_new_member_by_only_giving_unique_app_member_id_in_a_request" time="6.620" classname="com.mPulse.testCases.AudiencePostAPITest"/>
  <testcase name="Verify_that_user_should_create_member_by_only_giving_the_valid_phone_number_in_the_request" time="11.981" classname="com.mPulse.testCases.AudiencePostAPITest"/>
  <testcase name="verify_that_member_can_be_created_with_all_7_types_of_encrypted_custom_fields" time="4.941" classname="com.mPulse.testCases.AudiencePostAPITest">
    <failure type="java.lang.AssertionError" message="expected [200] but found [500]">
      <![CDATA[java.lang.AssertionError: expected [200] but found [500]
	at org.testng.Assert.fail(Assert.java:94)
	at org.testng.Assert.failNotEquals(Assert.java:513)
	at org.testng.Assert.assertEqualsImpl(Assert.java:135)
	at org.testng.Assert.assertEquals(Assert.java:116)
	at org.testng.Assert.assertEquals(Assert.java:389)
	at org.testng.Assert.assertEquals(Assert.java:399)
	at com.mPulse.utility.AudienceApi.deleteMemberById(AudienceApi.java:104)
	at com.mPulse.testCases.AudiencePostAPITest.verify_that_member_can_be_created_with_all_7_types_of_encrypted_custom_fields(AudiencePostAPITest.java:711)
	at sun.reflect.NativeMethodAccessorImpl.invoke0(Native Method)
	at sun.reflect.NativeMethodAccessorImpl.invoke(NativeMethodAccessorImpl.java:62)
	at sun.reflect.DelegatingMethodAccessorImpl.invoke(DelegatingMethodAccessorImpl.java:43)
	at java.lang.reflect.Method.invoke(Method.java:498)
	at org.testng.internal.MethodInvocationHelper.invokeMethod(MethodInvocationHelper.java:86)
	at org.testng.internal.Invoker.invokeMethod(Invoker.java:643)
	at org.testng.internal.Invoker.retryFailed(Invoker.java:967)
	at org.testng.internal.Invoker.invokeTestMethods(Invoker.java:1146)
	at org.testng.internal.TestMethodWorker.invokeTestMethods(TestMethodWorker.java:129)
	at org.testng.internal.TestMethodWorker.run(TestMethodWorker.java:112)
	at org.testng.TestRunner.privateRun(TestRunner.java:782)
	at org.testng.TestRunner.run(TestRunner.java:632)
	at org.testng.SuiteRunner.runTest(SuiteRunner.java:366)
	at org.testng.SuiteRunner.access$000(SuiteRunner.java:39)
	at org.testng.SuiteRunner$SuiteWorker.run(SuiteRunner.java:400)
	at org.testng.internal.thread.ThreadUtil$2.call(ThreadUtil.java:64)
	at java.util.concurrent.FutureTask.run(FutureTask.java:266)
	at java.util.concurrent.ThreadPoolExecutor.runWorker(ThreadPoolExecutor.java:1149)
	at java.util.concurrent.ThreadPoolExecutor$Worker.run(ThreadPoolExecutor.java:624)
	at java.lang.Thread.run(Thread.java:748)
]]>
    </failure>
  </testcase> <!-- verify_that_member_can_be_created_with_all_7_types_of_encrypted_custom_fields -->
  <testcase name="Verify_that_member_should_be_added_and_subscribed_in_email_channel_in_the_respective_list_and_get_welcome_message_when_using_Send_Welcome_Message_header_in_the_respective_list" time="11.394" classname="com.mPulse.testCases.AudiencePostAPITest"/>
  <testcase name="Verify_that_user_should_not_update_existing_member_subscription_if_not_using_Ignore_Error_For_Existing_Members_and_X_Ms_Force_Subscribe_Member_header_in_same_request" time="6.603" classname="com.mPulse.testCases.AudiencePostAPITest"/>
  <testcase name="Verify_error_response_when_list_id_missing_and_user_try_to_subscribe_member_in_sms_channel" time="2.055" classname="com.mPulse.testCases.AudiencePostAPITest"/>
</testsuite> <!-- com.mPulse.testCases.AudiencePostAPITest -->
