<?xml version="1.0" encoding="UTF-8"?>
<!-- Generated by org.testng.reporters.JUnitReportReporter -->
<testsuite hostname="krishna-Inspiron-3543" name="com.mPulse.testCases.MembersCSVUploadTest" tests="18" failures="0" timestamp="4 Nov 2019 18:16:46 GMT" time="1740.621" errors="0">
  <testcase name="verify_that_welcome_message_is_received_for_EMAIL_on_joining_the_list_from_CSV_import" time="71.481" classname="com.mPulse.testCases.MembersCSVUploadTest"/>
  <testcase name="verify_that_the_new_valid_email_merge_with_existing_phone_number_member" time="158.260" classname="com.mPulse.testCases.MembersCSVUploadTest"/>
  <testcase name="verify_that_User_Can_Mapp_All_Fields_using_with_pipe_delimiter_CSV" time="75.661" classname="com.mPulse.testCases.MembersCSVUploadTest"/>
  <testcase name="verify_that_the_new_valid_phone_number_merge_with_existing_appmail_member" time="153.204" classname="com.mPulse.testCases.MembersCSVUploadTest"/>
  <testcase name="verify_that_confirm_opt_in_message_is_received_on_CSV_import_for_Email" time="71.893" classname="com.mPulse.testCases.MembersCSVUploadTest"/>
  <testcase name="verify_that_welcome_message_is_received_for_SMS_on_joining_the_list_from_CSV_import_using_pipe_delimiter_CSV" time="78.277" classname="com.mPulse.testCases.MembersCSVUploadTest"/>
  <testcase name="verify_that_confirm_opt_in_message_is_received_on_CSV_import_for_Email_using_pipe_delimiter_CSV" time="70.080" classname="com.mPulse.testCases.MembersCSVUploadTest"/>
  <testcase name="verify_that_welcome_message_is_received_for_SMS_on_joining_the_list_from_CSV_import_after_confirm_Opt_in" time="75.980" classname="com.mPulse.testCases.MembersCSVUploadTest"/>
  <testcase name="verify_that_the_new_valid_phone_number_merge_with_existing_email_member" time="157.576" classname="com.mPulse.testCases.MembersCSVUploadTest"/>
  <testcase name="verify_that_welcome_message_is_received_for_EMAIL_on_joining_the_list_from_CSV_import_using_pipe_delimiter_CSV" time="72.880" classname="com.mPulse.testCases.MembersCSVUploadTest"/>
  <testcase name="verify_that_welcome_message_is_received_for_SMS_on_joining_the_list_from_CSV_import_after_confirm_Opt_in_using_pipe_delimiter_CSV" time="72.193" classname="com.mPulse.testCases.MembersCSVUploadTest"/>
  <testcase name="verify_that_welcome_message_with_footer_message_is_received_for_EMAIL_on_joining_the_list_from_CSV_import_after_confirm_Opt_in" time="117.571" classname="com.mPulse.testCases.MembersCSVUploadTest"/>
  <testcase name="verify_that_User_Can_Mapp_All_Fields_using_comma_delimited_CSV" time="83.349" classname="com.mPulse.testCases.MembersCSVUploadTest"/>
  <testcase name="verify_that_Unsubscribe_Link_in_Email_is_working" time="148.481" classname="com.mPulse.testCases.MembersCSVUploadTest"/>
  <testcase name="verify_that_welcome_message_with_footer_message_is_received_for_EMAIL_on_joining_the_list_from_CSV_import_after_confirm_Opt_in_using_pipe_delimiter_CSV" time="109.304" classname="com.mPulse.testCases.MembersCSVUploadTest"/>
  <testcase name="verify_that_confirm_opt_in_message_is_received_on_CSV_import_for_SMS" time="78.960" classname="com.mPulse.testCases.MembersCSVUploadTest"/>
  <testcase name="verify_that_welcome_message_is_received_for_SMS_on_joining_the_list_from_CSV_import" time="72.661" classname="com.mPulse.testCases.MembersCSVUploadTest"/>
  <testcase name="verify_that_confirm_opt_in_message_is_received_on_CSV_import_for_SMS_using_pipe_delimiter_CSV" time="72.810" classname="com.mPulse.testCases.MembersCSVUploadTest"/>
</testsuite> <!-- com.mPulse.testCases.MembersCSVUploadTest -->
