<?xml version="1.0" encoding="UTF-8"?>
<!-- Generated by org.testng.reporters.JUnitReportReporter -->
<testsuite skipped="0" hostname="krishna-Inspiron-3543" name="com.mPulse.apolloTestCases.CustomFieldsAPITests" tests="23" failures="0" timestamp="15 Nov 2019 04:31:18 GMT" time="149.660" errors="0">
  <testcase name="verifyCreateCustomFieldWithNameMoreThenFiftyLetters" time="1.912" classname="com.mPulse.apolloTestCases.CustomFieldsAPITests"/>
  <testcase name="verifyCreateCustomFieldNumberType" time="12.028" classname="com.mPulse.apolloTestCases.CustomFieldsAPITests"/>
  <testcase name="verifyCreateCustomFieldMultiPickListTypeWithoutValues" time="1.959" classname="com.mPulse.apolloTestCases.CustomFieldsAPITests"/>
  <testcase name="verifyCreateCustomFieldWitSpecialCharactersName" time="2.237" classname="com.mPulse.apolloTestCases.CustomFieldsAPITests"/>
  <testcase name="verifyGetAllCustomFieldsWithWrongAuth" time="1.624" classname="com.mPulse.apolloTestCases.CustomFieldsAPITests"/>
  <testcase name="verifyCreateCustomFieldWitEmptyDescription" time="11.852" classname="com.mPulse.apolloTestCases.CustomFieldsAPITests"/>
  <testcase name="verifyCreateCustomFieldWithInvalidFieldType" time="2.084" classname="com.mPulse.apolloTestCases.CustomFieldsAPITests"/>
  <testcase name="verifyCreateCustomFieldWithEmptyName" time="2.194" classname="com.mPulse.apolloTestCases.CustomFieldsAPITests"/>
  <testcase name="verifyCreateCustomFieldMultiPickListType" time="11.891" classname="com.mPulse.apolloTestCases.CustomFieldsAPITests"/>
  <testcase name="verifyCreateCustomFieldPickListType" time="12.442" classname="com.mPulse.apolloTestCases.CustomFieldsAPITests"/>
  <testcase name="verifyGetCustomFieldWithWrongAuth" time="1.581" classname="com.mPulse.apolloTestCases.CustomFieldsAPITests"/>
  <testcase name="verifySingleCustomFieldGetRequest" time="4.973" classname="com.mPulse.apolloTestCases.CustomFieldsAPITests"/>
  <testcase name="verifyCreateCustomFieldParagraphType" time="12.745" classname="com.mPulse.apolloTestCases.CustomFieldsAPITests"/>
  <testcase name="verifyRespondForGetNotExistingSingleCustomField" time="1.673" classname="com.mPulse.apolloTestCases.CustomFieldsAPITests"/>
  <testcase name="verifyCreateCustomFieldTimeType" time="12.326" classname="com.mPulse.apolloTestCases.CustomFieldsAPITests"/>
  <testcase name="verifyGetAllCustomFields" time="4.516" classname="com.mPulse.apolloTestCases.CustomFieldsAPITests"/>
  <testcase name="verifyCreateCustomFieldSingleLineType" time="12.005" classname="com.mPulse.apolloTestCases.CustomFieldsAPITests"/>
  <testcase name="verifyCreateCustomFieldWitExistingName" time="1.937" classname="com.mPulse.apolloTestCases.CustomFieldsAPITests"/>
  <testcase name="verifyCreateCustomFieldWitSpecialCharactersDescription" time="12.036" classname="com.mPulse.apolloTestCases.CustomFieldsAPITests"/>
  <testcase name="verifyCreateCustomFieldsWithWrongAuth" time="1.981" classname="com.mPulse.apolloTestCases.CustomFieldsAPITests"/>
  <testcase name="verifyCreateCustomFieldPickListTypeWithoutValues" time="1.621" classname="com.mPulse.apolloTestCases.CustomFieldsAPITests"/>
  <testcase name="verifyCreateCustomFieldWithNameLessThenFiveLetters" time="1.940" classname="com.mPulse.apolloTestCases.CustomFieldsAPITests"/>
  <testcase name="verifyCreateCustomFieldDateType" time="20.103" classname="com.mPulse.apolloTestCases.CustomFieldsAPITests"/>
</testsuite> <!-- com.mPulse.apolloTestCases.CustomFieldsAPITests -->
