<?xml version="1.0" encoding="UTF-8"?>
<!-- Generated by org.testng.reporters.JUnitReportReporter -->
<testsuite hostname="krishna-Inspiron-3543" name="com.mPulse.testCases.SegmentProfileDateTriggerTest" tests="1" failures="0" timestamp="5 Nov 2019 10:51:21 GMT" time="444.749" errors="0">
  <testcase name="Verify_that_message_must_fire_when_user_add_member_to_the_segment_and_fire_date_trigger" time="444.749" classname="com.mPulse.testCases.SegmentProfileDateTriggerTest"/>
</testsuite> <!-- com.mPulse.testCases.SegmentProfileDateTriggerTest -->
