<?xml version="1.0" encoding="UTF-8"?>
<!-- Generated by org.testng.reporters.JUnitReportReporter -->
<testsuite hostname="krishna-Inspiron-3543" name="com.mPulse.testCases.AudienceUpsertAPITest" tests="39" failures="3" timestamp="4 Nov 2019 18:16:46 GMT" time="314.858" errors="0">
  <testcase name="Verify_that_user_can_update_existing_member_identifier_using_X_Ms_Audience_Update_header_with_value_upsert" time="6.685" classname="com.mPulse.testCases.AudienceUpsertAPITest"/>
  <testcase name="verify_that_member_should_create_by_giving_all_valid_identifiers_at_once_using_X_Ms_Audience_Update_header_with_value_upsert" time="4.209" classname="com.mPulse.testCases.AudienceUpsertAPITest"/>
  <testcase name="Verify_that_encrypted_custom_fields_of_a_member_could_be_updated_using_X_Ms_Audience_Update_header_with_value_upsert" time="4.773" classname="com.mPulse.testCases.AudienceUpsertAPITest"/>
  <testcase name="Verify_that_standard_fields_of_a_member_could_be_updated_using_X_Ms_Audience_Update_header_with_value_upsert" time="6.617" classname="com.mPulse.testCases.AudienceUpsertAPITest"/>
  <testcase name="Verify_that_member_should_not_create_without_giving_any_identifier_using_X_Ms_Audience_Update_header_with_value_upsert" time="1.813" classname="com.mPulse.testCases.AudienceUpsertAPITest"/>
  <testcase name="Verify_API_request_should_only_accessible_through_valid_basic_authorization_for_not_valid_authorization_response_code_should_be_403" time="1.743" classname="com.mPulse.testCases.AudienceUpsertAPITest"/>
  <testcase name="Verify_that_user_can_update_identifiers_and_profile_field_when_using_X_Ms_Audience_Update_header_with_value_upsert" time="8.572" classname="com.mPulse.testCases.AudienceUpsertAPITest"/>
  <testcase name="Verify_that_both_standard_and_custom_fields_of_a_member_could_be_updated_in_a_single_request_using_X_Ms_Audience_Update_header_with_value_upsert" time="3.996" classname="com.mPulse.testCases.AudienceUpsertAPITest"/>
  <testcase name="Verify_that_member_should_be_added_in_sms_pending_state_in_the_respective_list_and_get_confirm_opt_in_message_when_using_X_Ms_List_Confirm_header_using_X_Ms_Audience_Update_header_with_value_upsert" time="14.495" classname="com.mPulse.testCases.AudienceUpsertAPITest"/>
  <testcase name="Verify_that_custom_fields_of_a_member_could_be_updated_using_X_Ms_Audience_Update_header_with_value_upsert" time="6.808" classname="com.mPulse.testCases.AudienceUpsertAPITest"/>
  <testcase name="Verify_that_all_the_fields_of_member_including_identifiers_are_updated_when_using_X_Ms_Audience_Update_header_with_value_upsert" time="8.340" classname="com.mPulse.testCases.AudienceUpsertAPITest"/>
  <testcase name="Verify_that_for_invalid_email_id_in_the_request_body_the_response_code_should_be_400_and_error_message_Invalid_parameter_value_using_X_Ms_Audience_Update_header_with_value_upsert" time="1.996" classname="com.mPulse.testCases.AudienceUpsertAPITest"/>
  <testcase name="Verify_that_user_should_create_member_by_only_giving_valid_email_in_the_request_using_X_Ms_Audience_Update_header_with_value_upsert" time="10.138" classname="com.mPulse.testCases.AudienceUpsertAPITest"/>
  <testcase name="Verify_that_member_is_unsubscribed_from_sms_channel_when_mobilephone_is_nulled_using_X_Ms_Audience_Update_header_with_value_upsert" time="22.126" classname="com.mPulse.testCases.AudienceUpsertAPITest"/>
  <testcase name="Verify_that_for_invalid_email_id_in_request_body_and_response_code_should_be_400_and_and_error_message_Invalid_parameter_value_when_using_X_Ms_Audience_Update_header_with_value_upsert" time="4.514" classname="com.mPulse.testCases.AudienceUpsertAPITest"/>
  <testcase name="Verify_that_user_should_create_new_member_by_giving_client_member_id_with_app_member_id_in_a_request_using_X_Ms_Audience_Update_header_with_value_upsert" time="4.554" classname="com.mPulse.testCases.AudienceUpsertAPITest"/>
  <testcase name="Verify_that_user_can_update_existing_member_subscription_using_Ignore_Error_For_Existing_Members_and_X_Ms_Force_Subscribe_Member_header_at_a_time_in_same_request_using_X_Ms_Audience_Update_header_with_value_upsert" time="6.956" classname="com.mPulse.testCases.AudienceUpsertAPITest"/>
  <testcase name="Verify_error_response_when_user_try_to_subscribe_member_in_sms_channel_with_phone_number_and_list_not_support_sms_channel" time="2.588" classname="com.mPulse.testCases.AudienceUpsertAPITest"/>
  <testcase name="Verify_that_fields_not_included_in_the_request_should_not_update_to_null_when_using_X_Ms_Update_included_fields_only_and_X_Ms_Audience_Update_header_with_value_upsert" time="13.277" classname="com.mPulse.testCases.AudienceUpsertAPITest"/>
  <testcase name="verify_that_member_can_be_created_with_all_7_types_of_encrypted_custom_fields_using_X_Ms_Audience_Update_header_with_value_upsert" time="4.079" classname="com.mPulse.testCases.AudienceUpsertAPITest">
    <failure type="java.lang.AssertionError" message="expected [200] but found [500]">
      <![CDATA[java.lang.AssertionError: expected [200] but found [500]
	at org.testng.Assert.fail(Assert.java:94)
	at org.testng.Assert.failNotEquals(Assert.java:513)
	at org.testng.Assert.assertEqualsImpl(Assert.java:135)
	at org.testng.Assert.assertEquals(Assert.java:116)
	at org.testng.Assert.assertEquals(Assert.java:389)
	at org.testng.Assert.assertEquals(Assert.java:399)
	at com.mPulse.utility.AudienceApi.deleteMemberById(AudienceApi.java:104)
	at com.mPulse.testCases.AudienceUpsertAPITest.verify_that_member_can_be_created_with_all_7_types_of_encrypted_custom_fields_using_X_Ms_Audience_Update_header_with_value_upsert(AudienceUpsertAPITest.java:1490)
	at sun.reflect.NativeMethodAccessorImpl.invoke0(Native Method)
	at sun.reflect.NativeMethodAccessorImpl.invoke(NativeMethodAccessorImpl.java:62)
	at sun.reflect.DelegatingMethodAccessorImpl.invoke(DelegatingMethodAccessorImpl.java:43)
	at java.lang.reflect.Method.invoke(Method.java:498)
	at org.testng.internal.MethodInvocationHelper.invokeMethod(MethodInvocationHelper.java:86)
	at org.testng.internal.Invoker.invokeMethod(Invoker.java:643)
	at org.testng.internal.Invoker.retryFailed(Invoker.java:967)
	at org.testng.internal.Invoker.invokeTestMethods(Invoker.java:1146)
	at org.testng.internal.TestMethodWorker.invokeTestMethods(TestMethodWorker.java:129)
	at org.testng.internal.TestMethodWorker.run(TestMethodWorker.java:112)
	at org.testng.TestRunner.privateRun(TestRunner.java:782)
	at org.testng.TestRunner.run(TestRunner.java:632)
	at org.testng.SuiteRunner.runTest(SuiteRunner.java:366)
	at org.testng.SuiteRunner.access$000(SuiteRunner.java:39)
	at org.testng.SuiteRunner$SuiteWorker.run(SuiteRunner.java:400)
	at org.testng.internal.thread.ThreadUtil$2.call(ThreadUtil.java:64)
	at java.util.concurrent.FutureTask.run(FutureTask.java:266)
	at java.util.concurrent.ThreadPoolExecutor.runWorker(ThreadPoolExecutor.java:1149)
	at java.util.concurrent.ThreadPoolExecutor$Worker.run(ThreadPoolExecutor.java:624)
	at java.lang.Thread.run(Thread.java:748)
]]>
    </failure>
  </testcase> <!-- verify_that_member_can_be_created_with_all_7_types_of_encrypted_custom_fields_using_X_Ms_Audience_Update_header_with_value_upsert -->
  <testcase name="Verify_error_response_when_user_try_to_add_member_with_email_and_list_not_support_email_channel" time="2.028" classname="com.mPulse.testCases.AudienceUpsertAPITest"/>
  <testcase name="Verify_that_using_all_identifiers_in_a_single_request_and_if_one_or_more_identifiers_are_invalid_and_then_request_marked_as_failed_and_response_code_is_400" time="5.426" classname="com.mPulse.testCases.AudienceUpsertAPITest"/>
  <testcase name="Verify_that_member_should_be_added_and_subscribed_in_sms_channel_in_the_respective_list_and_get_welcome_message_when_using_Send_Welcome_Message_header_in_the_respective_list_using_X_Ms_Audience_Update_header_with_value_upsert" time="14.551" classname="com.mPulse.testCases.AudienceUpsertAPITest"/>
  <testcase name="Verify_that_member_should_be_added_and_subscribed_in_email_channel_in_the_respective_list_and_get_welcome_message_when_using_Send_Welcome_Message_header_in_the_respective_list_using_X_Ms_Audience_Update_header_with_value_upsert" time="12.051" classname="com.mPulse.testCases.AudienceUpsertAPITest"/>
  <testcase name="Verify_error_response_when_list_id_missing_and_user_try_to_subscribe_member_in_sms_channel" time="2.567" classname="com.mPulse.testCases.AudienceUpsertAPITest"/>
  <testcase name="Verify_that_user_should_create_member_by_only_giving_the_valid_phone_number_in_the_request_using_X_Ms_Audience_Update_header_with_value_upsert" time="10.579" classname="com.mPulse.testCases.AudienceUpsertAPITest"/>
  <testcase name="verify_that_member_can_be_created_with_standard_and_custom_field_using_X_Ms_Audience_Update_header_with_value_upsert" time="7.964" classname="com.mPulse.testCases.AudienceUpsertAPITest"/>
  <testcase name="Verify_that_member_should_get_subscribed_in_the_respective_list_when_using_Force_Subscribe_Member_header_irrespective_of_there_current_subscription_status_using_X_Ms_Audience_Update_header_with_value_upsert" time="16.110" classname="com.mPulse.testCases.AudienceUpsertAPITest"/>
  <testcase name="Verify_that_custom_fields_of_a_member_could_be_updated_using_X_Ms_Audience_Update_header_with_value_upsert" time="2.411" classname="com.mPulse.testCases.AudienceUpsertAPITest">
    <failure type="java.lang.AssertionError" message="expected [200] but found [403]">
      <![CDATA[java.lang.AssertionError: expected [200] but found [403]
	at org.testng.Assert.fail(Assert.java:94)
	at org.testng.Assert.failNotEquals(Assert.java:513)
	at org.testng.Assert.assertEqualsImpl(Assert.java:135)
	at org.testng.Assert.assertEquals(Assert.java:116)
	at org.testng.Assert.assertEquals(Assert.java:389)
	at org.testng.Assert.assertEquals(Assert.java:399)
	at com.mPulse.testCases.AudienceUpsertAPITest.Verify_that_custom_fields_of_a_member_could_be_updated_using_X_Ms_Audience_Update_header_with_value_upsert(AudienceUpsertAPITest.java:316)
	at sun.reflect.NativeMethodAccessorImpl.invoke0(Native Method)
	at sun.reflect.NativeMethodAccessorImpl.invoke(NativeMethodAccessorImpl.java:62)
	at sun.reflect.DelegatingMethodAccessorImpl.invoke(DelegatingMethodAccessorImpl.java:43)
	at java.lang.reflect.Method.invoke(Method.java:498)
	at org.testng.internal.MethodInvocationHelper.invokeMethod(MethodInvocationHelper.java:86)
	at org.testng.internal.Invoker.invokeMethod(Invoker.java:643)
	at org.testng.internal.Invoker.invokeTestMethod(Invoker.java:820)
	at org.testng.internal.Invoker.invokeTestMethods(Invoker.java:1128)
	at org.testng.internal.TestMethodWorker.invokeTestMethods(TestMethodWorker.java:129)
	at org.testng.internal.TestMethodWorker.run(TestMethodWorker.java:112)
	at org.testng.TestRunner.privateRun(TestRunner.java:782)
	at org.testng.TestRunner.run(TestRunner.java:632)
	at org.testng.SuiteRunner.runTest(SuiteRunner.java:366)
	at org.testng.SuiteRunner.access$000(SuiteRunner.java:39)
	at org.testng.SuiteRunner$SuiteWorker.run(SuiteRunner.java:400)
	at org.testng.internal.thread.ThreadUtil$2.call(ThreadUtil.java:64)
	at java.util.concurrent.FutureTask.run(FutureTask.java:266)
	at java.util.concurrent.ThreadPoolExecutor.runWorker(ThreadPoolExecutor.java:1149)
	at java.util.concurrent.ThreadPoolExecutor$Worker.run(ThreadPoolExecutor.java:624)
	at java.lang.Thread.run(Thread.java:748)
]]>
    </failure>
  </testcase> <!-- Verify_that_custom_fields_of_a_member_could_be_updated_using_X_Ms_Audience_Update_header_with_value_upsert -->
  <testcase name="Verify_audience_API_data_writes_on_api_request_log_table_when_using_X_Ms_Audience_Update_header_with_value_upsert" time="37.414" classname="com.mPulse.testCases.AudienceUpsertAPITest"/>
  <testcase name="verify_that_member_can_be_created_with_all_standard_field_using_X_Ms_Audience_Update_header_with_value_upsert" time="7.431" classname="com.mPulse.testCases.AudienceUpsertAPITest"/>
  <testcase name="Verify_that_member_is_unsubscribed_from_email_channel_when_email_is_nulled_using_X_Ms_Audience_Update_header_with_value_upsert" time="19.156" classname="com.mPulse.testCases.AudienceUpsertAPITest"/>
  <testcase name="Verify_that_when_using_all_identifiers_in_a_single_request_if_one_or_more_identifiers_are_invalid_then_request_marked_as_failed_and_the_response_code_should_be_400_using_X_Ms_Audience_Update_header_with_value_upsert" time="3.265" classname="com.mPulse.testCases.AudienceUpsertAPITest"/>
  <testcase name="Verify_that_member_should_be_added_in_email_pending_state_in_the_respective_list_and_get_confirm_opt_in_message_when_using_X_Ms_List_Confirm_header_using_X_Ms_Audience_Update_header_with_value_upsert" time="10.609" classname="com.mPulse.testCases.AudienceUpsertAPITest"/>
  <testcase name="verify_that_member_can_be_created_with_all_types_of_custom_field_using_X_Ms_Audience_Update_header_with_value_upsert" time="4.910" classname="com.mPulse.testCases.AudienceUpsertAPITest"/>
  <testcase name="Verify_that_fields_not_included_in_the_request_are_updated_to_null_when_using_X_Ms_Audience_Update_header_with_value_upsert" time="10.206" classname="com.mPulse.testCases.AudienceUpsertAPITest"/>
  <testcase name="Verify_API_request_fails_if_no_auth_credentials_are_given_X_Ms_Audience_Update_header_with_value_upsert" time="1.741" classname="com.mPulse.testCases.AudienceUpsertAPITest"/>
  <testcase name="Verify_that_for_invalid_mobilephone_in_request_body_and_response_code_should_be_400_and_and_error_message_Invalid_parameter_value_when_using_X_Ms_Audience_Update_header_with_value_upsert" time="4.237" classname="com.mPulse.testCases.AudienceUpsertAPITest"/>
  <testcase name="verify_that_member_can_be_created_with_all_7_types_of_encrypted_custom_fields_using_X_Ms_Audience_Update_header_with_value_upsert" time="3.923" classname="com.mPulse.testCases.AudienceUpsertAPITest">
    <failure type="java.lang.AssertionError" message="expected [200] but found [500]">
      <![CDATA[java.lang.AssertionError: expected [200] but found [500]
	at org.testng.Assert.fail(Assert.java:94)
	at org.testng.Assert.failNotEquals(Assert.java:513)
	at org.testng.Assert.assertEqualsImpl(Assert.java:135)
	at org.testng.Assert.assertEquals(Assert.java:116)
	at org.testng.Assert.assertEquals(Assert.java:389)
	at org.testng.Assert.assertEquals(Assert.java:399)
	at com.mPulse.utility.AudienceApi.deleteMemberById(AudienceApi.java:104)
	at com.mPulse.testCases.AudienceUpsertAPITest.verify_that_member_can_be_created_with_all_7_types_of_encrypted_custom_fields_using_X_Ms_Audience_Update_header_with_value_upsert(AudienceUpsertAPITest.java:1490)
	at sun.reflect.NativeMethodAccessorImpl.invoke0(Native Method)
	at sun.reflect.NativeMethodAccessorImpl.invoke(NativeMethodAccessorImpl.java:62)
	at sun.reflect.DelegatingMethodAccessorImpl.invoke(DelegatingMethodAccessorImpl.java:43)
	at java.lang.reflect.Method.invoke(Method.java:498)
	at org.testng.internal.MethodInvocationHelper.invokeMethod(MethodInvocationHelper.java:86)
	at org.testng.internal.Invoker.invokeMethod(Invoker.java:643)
	at org.testng.internal.Invoker.invokeTestMethod(Invoker.java:820)
	at org.testng.internal.Invoker.invokeTestMethods(Invoker.java:1128)
	at org.testng.internal.TestMethodWorker.invokeTestMethods(TestMethodWorker.java:129)
	at org.testng.internal.TestMethodWorker.run(TestMethodWorker.java:112)
	at org.testng.TestRunner.privateRun(TestRunner.java:782)
	at org.testng.TestRunner.run(TestRunner.java:632)
	at org.testng.SuiteRunner.runTest(SuiteRunner.java:366)
	at org.testng.SuiteRunner.access$000(SuiteRunner.java:39)
	at org.testng.SuiteRunner$SuiteWorker.run(SuiteRunner.java:400)
	at org.testng.internal.thread.ThreadUtil$2.call(ThreadUtil.java:64)
	at java.util.concurrent.FutureTask.run(FutureTask.java:266)
	at java.util.concurrent.ThreadPoolExecutor.runWorker(ThreadPoolExecutor.java:1149)
	at java.util.concurrent.ThreadPoolExecutor$Worker.run(ThreadPoolExecutor.java:624)
	at java.lang.Thread.run(Thread.java:748)
]]>
    </failure>
  </testcase> <!-- verify_that_member_can_be_created_with_all_7_types_of_encrypted_custom_fields_using_X_Ms_Audience_Update_header_with_value_upsert -->
</testsuite> <!-- com.mPulse.testCases.AudienceUpsertAPITest -->
